#
# A fatal error has been detected by the Java Runtime Environment:
#
#  EXCEPTION_ACCESS_VIOLATION (0xc0000005) at pc=0x7b7178ae, pid=16624, tid=0x00001334
#
# JRE version: Java(TM) SE Runtime Environment (8.0_191-b12) (build 1.8.0_191-b12)
# Java VM: Java HotSpot(TM) Client VM (25.191-b12 mixed mode windows-x86 )
# Problematic frame:
# V  [jvm.dll+0xe78ae]
#
# Failed to write core dump. Minidumps are not enabled by default on client versions of Windows
#
# If you would like to submit a bug report, please visit:
#   http://bugreport.java.com/bugreport/crash.jsp
#

---------------  T H R E A D  ---------------

Current thread (0x29ae5c00):  JavaThread "EventThread COM6" [_thread_in_vm, id=4916, stack(0x01530000,0x01580000)]

siginfo: ExceptionCode=0xc0000005, reading address 0x00000000

Registers:
EAX=0x00000000, EBX=0x29ae5d40, ECX=0x29ae5c00, EDX=0x0000009f
ESP=0x0157f5fc, EBP=0x0157f618, ESI=0x00000000, EDI=0x29ae5c00
EIP=0x7b7178ae, EFLAGS=0x00010246

Top of Stack: (sp=0x0157f5fc)
0x0157f5fc:   299b1584 00000001 29ae5d40 29ae5c00
0x0157f60c:   279ccc1c 0000009f 7b915568 00000000
0x0157f61c:   64001da9 29ae5d40 00000000 00000000
0x0157f62c:   00000002 0157f684 03e147c4 00000020
0x0157f63c:   00000000 00000000 0176bb38 00000020
0x0157f64c:   00000001 00000000 00000000 00000000
0x0157f65c:   299b1580 00000000 00000000 00000000
0x0157f66c:   00000000 0157f6a4 03e14864 00000001 

Instructions: (pc=0x7b7178ae)
0x7b71788e:   c4 08 83 7f 04 00 89 7d f0 c7 45 f4 00 00 00 00
0x7b71789e:   74 08 8d 4d f0 e8 b8 31 0c 00 8b 75 10 8b 45 0c
0x7b7178ae:   8b 10 85 f6 78 32 8b 45 14 85 c0 78 2b 8d 0c 06
0x7b7178be:   3b 4a 08 77 23 85 c0 7e 3b 8b 4a 04 8b 49 04 83 


Register to memory mapping:

EAX=0x00000000 is an unknown value
EBX=0x29ae5d40 is an unknown value
ECX=0x29ae5c00 is a thread
EDX=0x0000009f is an unknown value
ESP=0x0157f5fc is pointing into the stack for thread: 0x29ae5c00
EBP=0x0157f618 is pointing into the stack for thread: 0x29ae5c00
ESI=0x00000000 is an unknown value
EDI=0x29ae5c00 is a thread


Stack: [0x01530000,0x01580000],  sp=0x0157f5fc,  free space=317k
Native frames: (J=compiled Java code, j=interpreted, Vv=VM code, C=native code)
V  [jvm.dll+0xe78ae]
C  [jSSC-2.8_x86.dll+0x1da9]

Java frames: (J=compiled Java code, j=interpreted, Vv=VM code)
J 5114  jssc.SerialNativeInterface.waitEvents(J)[[I (0 bytes) @ 0x0428579d [0x04285750+0x4d]
J 5343 C1 jssc.SerialPort$EventThread.run()V (84 bytes) @ 0x03eb2e48 [0x03eb2df0+0x58]
v  ~StubRoutines::call_stub

---------------  P R O C E S S  ---------------

Java Threads: ( => current thread )
=>0x29ae5c00 JavaThread "EventThread COM6" [_thread_in_vm, id=4916, stack(0x01530000,0x01580000)]
  0x29ae6800 JavaThread "DestroyJavaVM" [_thread_blocked, id=17732, stack(0x03080000,0x030d0000)]
  0x27e30800 JavaThread "TimerQueue" daemon [_thread_blocked, id=18120, stack(0x2bdd0000,0x2be20000)]
  0x27e2fc00 JavaThread "AWT-EventQueue-0" [_thread_blocked, id=12124, stack(0x2a860000,0x2a8b0000)]
  0x27e2f800 JavaThread "AWT-Shutdown" [_thread_blocked, id=2076, stack(0x2a7d0000,0x2a820000)]
  0x27e2f000 JavaThread "Batik CleanerThread" daemon [_thread_blocked, id=18084, stack(0x294e0000,0x29530000)]
  0x27d83800 JavaThread "JmDNS(192-168-1-83.local.).State.Timer" [_thread_blocked, id=13740, stack(0x29130000,0x29180000)]
  0x27d83000 JavaThread "JmDNS(192-168-1-83.local.).Timer" daemon [_thread_blocked, id=15596, stack(0x290a0000,0x290f0000)]
  0x27d80800 JavaThread "SocketListener(192-168-1-83.local.)" daemon [_thread_blocked, id=8828, stack(0x29010000,0x29060000)]
  0x26679000 JavaThread "Multihomed mDNS.Timer" daemon [_thread_blocked, id=13972, stack(0x03110000,0x03160000)]
  0x26d11400 JavaThread "cc.arduino.packages.discoverers.serial.SerialDiscovery" [_thread_blocked, id=3796, stack(0x27760000,0x277b0000)]
  0x26f0b800 JavaThread "AWT-Windows" daemon [_thread_blocked, id=3328, stack(0x27470000,0x274c0000)]
  0x26f0a800 JavaThread "Java2D Disposer" daemon [_thread_blocked, id=10724, stack(0x27350000,0x273a0000)]
  0x26544000 JavaThread "Service Thread" daemon [_thread_blocked, id=3512, stack(0x26b70000,0x26bc0000)]
  0x2654f000 JavaThread "C1 CompilerThread0" daemon [_thread_blocked, id=9352, stack(0x26ae0000,0x26b30000)]
  0x2654d400 JavaThread "Attach Listener" daemon [_thread_blocked, id=13272, stack(0x26a50000,0x26aa0000)]
  0x26549400 JavaThread "Signal Dispatcher" daemon [_thread_blocked, id=8312, stack(0x269c0000,0x26a10000)]
  0x2652b800 JavaThread "Finalizer" daemon [_thread_blocked, id=12820, stack(0x26830000,0x26880000)]
  0x26525800 JavaThread "Reference Handler" daemon [_thread_blocked, id=13580, stack(0x267a0000,0x267f0000)]

Other Threads:
  0x26510800 VMThread [stack: 0x26710000,0x26760000] [id=2384]
  0x26547400 WatcherThread [stack: 0x26c00000,0x26c50000] [id=12112]

VM state:synchronizing (normal execution)

VM Mutex/Monitor currently owned by a thread:  ([mutex/lock_event])
[0x02dbe440] Threads_lock - owner thread: 0x26510800
[0x02dbeb90] Heap_lock - owner thread: 0x27d80800

Heap:
 def new generation   total 157248K, used 157247K [0x06000000, 0x10aa0000, 0x10aa0000)
  eden space 139776K,  99% used [0x06000000, 0x0e87fff8, 0x0e880000)
  from space 17472K, 100% used [0x0e880000, 0x0f990000, 0x0f990000)
  to   space 17472K,   0% used [0x0f990000, 0x0f990000, 0x10aa0000)
 tenured generation   total 349568K, used 349568K [0x10aa0000, 0x26000000, 0x26000000)
   the space 349568K, 100% used [0x10aa0000, 0x26000000, 0x26000000, 0x26000000)
 Metaspace       used 25794K, capacity 26524K, committed 26880K, reserved 27008K

Card table byte_map: [0x05e90000,0x05fa0000] byte_map_base: 0x05e60000

Polling page: 0x02d80000

CodeCache: size=32768Kb used=1892Kb max_used=5044Kb free=30875Kb
 bounds [0x03e10000, 0x04310000, 0x05e10000]
 total_blobs=1109 nmethods=815 adapters=222
 compilation: enabled

Compilation events (10 events):
Event: 34254.876 Thread 0x2654f000 51274             javax.swing.text.CompositeView::getView (7 bytes)
Event: 34254.876 Thread 0x2654f000 nmethod 51274 0x03ec6f08 code [0x03ec7000, 0x03ec70a0]
Event: 34254.877 Thread 0x2654f000 51275             sun.font.StandardGlyphVector::getGlyphCharIndices (177 bytes)
Event: 34254.877 Thread 0x2654f000 nmethod 51275 0x0406d288 code [0x0406d410, 0x0406d8a4]
Event: 34255.739 Thread 0x2654f000 51276             sun.net.www.ParseUtil::encodePath (336 bytes)
Event: 34257.075 Thread 0x2654f000 nmethod 51276 0x0408b548 code [0x0408b6f0, 0x0408bdb8]
Event: 34257.591 Thread 0x2654f000 51277             sun.nio.cs.UTF_8$Encoder::encodeArrayLoop (489 bytes)
Event: 34257.593 Thread 0x2654f000 nmethod 51277 0x04291e08 code [0x04292150, 0x04292e4c]
Event: 34257.594 Thread 0x2654f000 51278             sun.nio.cs.UTF_8$Decoder::decode (779 bytes)
Event: 34257.597 Thread 0x2654f000 nmethod 51278 0x04280488 code [0x042807f0, 0x04281e80]

GC Heap History (10 events):
Event: 34265.423 GC heap before
{Heap before GC invocations=2300 (full 1877):
 def new generation   total 157248K, used 157247K [0x06000000, 0x10aa0000, 0x10aa0000)
  eden space 139776K,  99% used [0x06000000, 0x0e87fff8, 0x0e880000)
  from space 17472K, 100% used [0x0e880000, 0x0f990000, 0x0f990000)
  to   space 17472K,   0% used [0x0f990000, 0x0f990000, 0x10aa0000)
 tenured generation   total 349568K, used 349568K [0x10aa0000, 0x26000000, 0x26000000)
   the space 349568K, 100% used [0x10aa0000, 0x26000000, 0x26000000, 0x26000000)
 Metaspace       used 25794K, capacity 26524K, committed 26880K, reserved 27008K
Event: 34265.856 GC heap after
Heap after GC invocations=2301 (full 1878):
 def new generation   total 157248K, used 157247K [0x06000000, 0x10aa0000, 0x10aa0000)
  eden space 139776K,  99% used [0x06000000, 0x0e87fff8, 0x0e880000)
  from space 17472K, 100% used [0x0e880000, 0x0f990000, 0x0f990000)
  to   space 17472K,   0% used [0x0f990000, 0x0f990000, 0x10aa0000)
 tenured generation   total 349568K, used 349568K [0x10aa0000, 0x26000000, 0x26000000)
   the space 349568K, 100% used [0x10aa0000, 0x26000000, 0x26000000, 0x26000000)
 Metaspace       used 25794K, capacity 26524K, committed 26880K, reserved 27008K
}
Event: 34265.856 GC heap before
{Heap before GC invocations=2301 (full 1878):
 def new generation   total 157248K, used 157247K [0x06000000, 0x10aa0000, 0x10aa0000)
  eden space 139776K,  99% used [0x06000000, 0x0e87fff8, 0x0e880000)
  from space 17472K, 100% used [0x0e880000, 0x0f990000, 0x0f990000)
  to   space 17472K,   0% used [0x0f990000, 0x0f990000, 0x10aa0000)
 tenured generation   total 349568K, used 349568K [0x10aa0000, 0x26000000, 0x26000000)
   the space 349568K, 100% used [0x10aa0000, 0x26000000, 0x26000000, 0x26000000)
 Metaspace       used 25794K, capacity 26524K, committed 26880K, reserved 27008K
Event: 34266.327 GC heap after
Heap after GC invocations=2302 (full 1879):
 def new generation   total 157248K, used 157247K [0x06000000, 0x10aa0000, 0x10aa0000)
  eden space 139776K,  99% used [0x06000000, 0x0e87fff8, 0x0e880000)
  from space 17472K, 100% used [0x0e880000, 0x0f990000, 0x0f990000)
  to   space 17472K,   0% used [0x0f990000, 0x0f990000, 0x10aa0000)
 tenured generation   total 349568K, used 349568K [0x10aa0000, 0x26000000, 0x26000000)
   the space 349568K, 100% used [0x10aa0000, 0x26000000, 0x26000000, 0x26000000)
 Metaspace       used 25794K, capacity 26524K, committed 26880K, reserved 27008K
}
Event: 34266.327 GC heap before
{Heap before GC invocations=2302 (full 1879):
 def new generation   total 157248K, used 157247K [0x06000000, 0x10aa0000, 0x10aa0000)
  eden space 139776K,  99% used [0x06000000, 0x0e87fff8, 0x0e880000)
  from space 17472K, 100% used [0x0e880000, 0x0f990000, 0x0f990000)
  to   space 17472K,   0% used [0x0f990000, 0x0f990000, 0x10aa0000)
 tenured generation   total 349568K, used 349568K [0x10aa0000, 0x26000000, 0x26000000)
   the space 349568K, 100% used [0x10aa0000, 0x26000000, 0x26000000, 0x26000000)
 Metaspace       used 25794K, capacity 26524K, committed 26880K, reserved 27008K
Event: 34266.773 GC heap after
Heap after GC invocations=2303 (full 1880):
 def new generation   total 157248K, used 157247K [0x06000000, 0x10aa0000, 0x10aa0000)
  eden space 139776K,  99% used [0x06000000, 0x0e87fff8, 0x0e880000)
  from space 17472K, 100% used [0x0e880000, 0x0f990000, 0x0f990000)
  to   space 17472K,   0% used [0x0f990000, 0x0f990000, 0x10aa0000)
 tenured generation   total 349568K, used 349568K [0x10aa0000, 0x26000000, 0x26000000)
   the space 349568K, 100% used [0x10aa0000, 0x26000000, 0x26000000, 0x26000000)
 Metaspace       used 25794K, capacity 26524K, committed 26880K, reserved 27008K
}
Event: 34266.773 GC heap before
{Heap before GC invocations=2303 (full 1880):
 def new generation   total 157248K, used 157247K [0x06000000, 0x10aa0000, 0x10aa0000)
  eden space 139776K,  99% used [0x06000000, 0x0e87fff8, 0x0e880000)
  from space 17472K, 100% used [0x0e880000, 0x0f990000, 0x0f990000)
  to   space 17472K,   0% used [0x0f990000, 0x0f990000, 0x10aa0000)
 tenured generation   total 349568K, used 349568K [0x10aa0000, 0x26000000, 0x26000000)
   the space 349568K, 100% used [0x10aa0000, 0x26000000, 0x26000000, 0x26000000)
 Metaspace       used 25794K, capacity 26524K, committed 26880K, reserved 27008K
Event: 34267.196 GC heap after
Heap after GC invocations=2304 (full 1881):
 def new generation   total 157248K, used 157247K [0x06000000, 0x10aa0000, 0x10aa0000)
  eden space 139776K,  99% used [0x06000000, 0x0e87fff8, 0x0e880000)
  from space 17472K, 100% used [0x0e880000, 0x0f990000, 0x0f990000)
  to   space 17472K,   0% used [0x0f990000, 0x0f990000, 0x10aa0000)
 tenured generation   total 349568K, used 349568K [0x10aa0000, 0x26000000, 0x26000000)
   the space 349568K, 100% used [0x10aa0000, 0x26000000, 0x26000000, 0x26000000)
 Metaspace       used 25794K, capacity 26524K, committed 26880K, reserved 27008K
}
Event: 34267.196 GC heap before
{Heap before GC invocations=2304 (full 1881):
 def new generation   total 157248K, used 157247K [0x06000000, 0x10aa0000, 0x10aa0000)
  eden space 139776K,  99% used [0x06000000, 0x0e87fff8, 0x0e880000)
  from space 17472K, 100% used [0x0e880000, 0x0f990000, 0x0f990000)
  to   space 17472K,   0% used [0x0f990000, 0x0f990000, 0x10aa0000)
 tenured generation   total 349568K, used 349568K [0x10aa0000, 0x26000000, 0x26000000)
   the space 349568K, 100% used [0x10aa0000, 0x26000000, 0x26000000, 0x26000000)
 Metaspace       used 25794K, capacity 26524K, committed 26880K, reserved 27008K
Event: 34267.622 GC heap after
Heap after GC invocations=2305 (full 1882):
 def new generation   total 157248K, used 157247K [0x06000000, 0x10aa0000, 0x10aa0000)
  eden space 139776K,  99% used [0x06000000, 0x0e87fff8, 0x0e880000)
  from space 17472K, 100% used [0x0e880000, 0x0f990000, 0x0f990000)
  to   space 17472K,   0% used [0x0f990000, 0x0f990000, 0x10aa0000)
 tenured generation   total 349568K, used 349568K [0x10aa0000, 0x26000000, 0x26000000)
   the space 349568K, 100% used [0x10aa0000, 0x26000000, 0x26000000, 0x26000000)
 Metaspace       used 25794K, capacity 26524K, committed 26880K, reserved 27008K
}

Deoptimization events (0 events):
No events

Classes redefined (0 events):
No events

Internal exceptions (10 events):
Event: 34257.596 Thread 0x27e2fc00 Exception <a 'java/io/IOException'> (0x0f710758) thrown at [C:\workspace\8-2-build-windows-i586-cygwin\jdk8u191\11896\hotspot\src\share\vm\prims\jni.cpp, line 709]
Event: 34257.597 Thread 0x27e2fc00 Exception <a 'java/io/IOException'> (0x0f710f00) thrown at [C:\workspace\8-2-build-windows-i586-cygwin\jdk8u191\11896\hotspot\src\share\vm\prims\jni.cpp, line 709]
Event: 34257.597 Thread 0x27e2fc00 Exception <a 'java/io/IOException'> (0x0f711260) thrown at [C:\workspace\8-2-build-windows-i586-cygwin\jdk8u191\11896\hotspot\src\share\vm\prims\jni.cpp, line 709]
Event: 34257.597 Thread 0x27e2fc00 Exception <a 'java/io/IOException'> (0x0f711500) thrown at [C:\workspace\8-2-build-windows-i586-cygwin\jdk8u191\11896\hotspot\src\share\vm\prims\jni.cpp, line 709]
Event: 34257.597 Thread 0x27e2fc00 Exception <a 'java/io/IOException'> (0x0f711dc8) thrown at [C:\workspace\8-2-build-windows-i586-cygwin\jdk8u191\11896\hotspot\src\share\vm\prims\jni.cpp, line 709]
Event: 34257.597 Thread 0x27e2fc00 Exception <a 'java/io/IOException'> (0x0f712128) thrown at [C:\workspace\8-2-build-windows-i586-cygwin\jdk8u191\11896\hotspot\src\share\vm\prims\jni.cpp, line 709]
Event: 34257.597 Thread 0x27e2fc00 Exception <a 'java/io/IOException'> (0x0f712370) thrown at [C:\workspace\8-2-build-windows-i586-cygwin\jdk8u191\11896\hotspot\src\share\vm\prims\jni.cpp, line 709]
Event: 34265.856 Thread 0x29ae5c00 Exception <a 'java/lang/OutOfMemoryError'> (0x10b30078) thrown at [C:\workspace\8-2-build-windows-i586-cygwin\jdk8u191\11896\hotspot\src\share\vm\gc_interface/collectedHeap.inline.hpp, line 159]
Event: 34266.773 Thread 0x27e30800 Exception <a 'java/lang/OutOfMemoryError'> (0x10b30058) thrown at [C:\workspace\8-2-build-windows-i586-cygwin\jdk8u191\11896\hotspot\src\share\vm\gc_interface/collectedHeap.inline.hpp, line 159]
Event: 34267.622 Thread 0x27e2fc00 Exception <a 'java/lang/OutOfMemoryError'> (0x10b30038) thrown at [C:\workspace\8-2-build-windows-i586-cygwin\jdk8u191\11896\hotspot\src\share\vm\gc_interface/collectedHeap.inline.hpp, line 159]

Events (10 events):
Event: 34264.044 Executing VM operation: GenCollectForAllocation done
Event: 34264.044 Executing VM operation: GenCollectForAllocation
Event: 34264.995 Executing VM operation: GenCollectForAllocation done
Event: 34264.995 Executing VM operation: GenCollectForAllocation
Event: 34265.856 Executing VM operation: GenCollectForAllocation done
Event: 34265.856 Executing VM operation: GenCollectForAllocation
Event: 34266.773 Executing VM operation: GenCollectForAllocation done
Event: 34266.773 Executing VM operation: GenCollectForAllocation
Event: 34267.622 Executing VM operation: GenCollectForAllocation done
Event: 34267.622 Executing VM operation: GenCollectForAllocation


Dynamic libraries:
0x00470000 - 0x004a3000 	C:\Program Files (x86)\Arduino\java\bin\javaw.exe
0x77520000 - 0x776ba000 	C:\WINDOWS\SYSTEM32\ntdll.dll
0x76ed0000 - 0x76fb0000 	C:\WINDOWS\System32\KERNEL32.DLL
0x77300000 - 0x774fe000 	C:\WINDOWS\System32\KERNELBASE.dll
0x75600000 - 0x75679000 	C:\WINDOWS\System32\ADVAPI32.dll
0x75540000 - 0x755ff000 	C:\WINDOWS\System32\msvcrt.dll
0x75780000 - 0x757f6000 	C:\WINDOWS\System32\sechost.dll
0x75e40000 - 0x75efb000 	C:\WINDOWS\System32\RPCRT4.dll
0x74cf0000 - 0x74d10000 	C:\WINDOWS\System32\SspiCli.dll
0x74ce0000 - 0x74cea000 	C:\WINDOWS\System32\CRYPTBASE.dll
0x77080000 - 0x770df000 	C:\WINDOWS\System32\bcryptPrimitives.dll
0x76480000 - 0x76617000 	C:\WINDOWS\System32\USER32.dll
0x76760000 - 0x76777000 	C:\WINDOWS\System32\win32u.dll
0x76da0000 - 0x76dc1000 	C:\WINDOWS\System32\GDI32.dll
0x771a0000 - 0x772fa000 	C:\WINDOWS\System32\gdi32full.dll
0x76fb0000 - 0x7702c000 	C:\WINDOWS\System32\msvcp_win.dll
0x75290000 - 0x753af000 	C:\WINDOWS\System32\ucrtbase.dll
0x6b720000 - 0x6b92f000 	C:\WINDOWS\WinSxS\x86_microsoft.windows.common-controls_6595b64144ccf1df_6.0.18362.836_none_2e71f01a278b41f3\COMCTL32.dll
0x74d70000 - 0x74fe5000 	C:\WINDOWS\System32\combase.dll
0x756e0000 - 0x75705000 	C:\WINDOWS\System32\IMM32.DLL
0x7b570000 - 0x7b62f000 	C:\Program Files (x86)\Arduino\java\bin\msvcr100.dll
0x7b630000 - 0x7ba03000 	C:\Program Files (x86)\Arduino\java\bin\client\jvm.dll
0x74ff0000 - 0x74ff6000 	C:\WINDOWS\System32\PSAPI.DLL
0x72ef0000 - 0x72f14000 	C:\WINDOWS\SYSTEM32\WINMM.dll
0x73970000 - 0x73978000 	C:\WINDOWS\SYSTEM32\VERSION.dll
0x67710000 - 0x67718000 	C:\WINDOWS\SYSTEM32\WSOCK32.dll
0x717d0000 - 0x717f3000 	C:\WINDOWS\SYSTEM32\winmmbase.dll
0x770e0000 - 0x7713e000 	C:\WINDOWS\System32\WS2_32.dll
0x75680000 - 0x756bb000 	C:\WINDOWS\System32\cfgmgr32.dll
0x63640000 - 0x63670000 	C:\Program Files (x86)\Arduino\java\bin\splashscreen.dll
0x72f50000 - 0x72fca000 	C:\WINDOWS\system32\uxtheme.dll
0x65600000 - 0x6560c000 	C:\Program Files (x86)\Arduino\java\bin\verify.dll
0x758e0000 - 0x759e3000 	C:\WINDOWS\System32\MSCTF.dll
0x754a0000 - 0x75532000 	C:\WINDOWS\System32\OLEAUT32.dll
0x63610000 - 0x63632000 	C:\Program Files (x86)\Arduino\java\bin\java.dll
0x54f10000 - 0x558fa000 	C:\WINDOWS\SYSTEM32\ig8icd32.dll
0x75f00000 - 0x76476000 	C:\WINDOWS\System32\SHELL32.dll
0x75200000 - 0x75284000 	C:\WINDOWS\System32\shcore.dll
0x767d0000 - 0x76d95000 	C:\WINDOWS\System32\windows.storage.dll
0x758c0000 - 0x758db000 	C:\WINDOWS\System32\profapi.dll
0x76780000 - 0x767c3000 	C:\WINDOWS\System32\powrprof.dll
0x76620000 - 0x7662d000 	C:\WINDOWS\System32\UMPDC.dll
0x77030000 - 0x77074000 	C:\WINDOWS\System32\shlwapi.dll
0x76750000 - 0x7675f000 	C:\WINDOWS\System32\kernel.appcore.dll
0x756c0000 - 0x756d3000 	C:\WINDOWS\System32\cryptsp.dll
0x6c230000 - 0x6c32f000 	C:\WINDOWS\SYSTEM32\OPENGL32.dll
0x61270000 - 0x61b3b000 	C:\WINDOWS\SYSTEM32\igdusc32.dll
0x72f40000 - 0x72f4f000 	C:\WINDOWS\SYSTEM32\WTSAPI32.dll
0x70a90000 - 0x70ab5000 	C:\WINDOWS\SYSTEM32\dwmapi.dll
0x6c1f0000 - 0x6c22f000 	C:\WINDOWS\SYSTEM32\GLU32.dll
0x6c1d0000 - 0x6c1e9000 	C:\WINDOWS\SYSTEM32\dxcore.dll
0x635f0000 - 0x63604000 	C:\Program Files (x86)\Arduino\java\bin\zip.dll
0x50530000 - 0x505b4000 	C:\WINDOWS\System32\TextInputFramework.dll
0x50200000 - 0x5045e000 	C:\WINDOWS\System32\CoreUIComponents.dll
0x50170000 - 0x501f9000 	C:\WINDOWS\System32\CoreMessaging.dll
0x6dd50000 - 0x6dd79000 	C:\WINDOWS\SYSTEM32\ntmarta.dll
0x70820000 - 0x708fa000 	C:\WINDOWS\SYSTEM32\wintypes.dll
0x73b00000 - 0x73d29000 	C:\WINDOWS\System32\iertutil.dll
0x72e90000 - 0x72ee3000 	C:\WINDOWS\system32\Oleacc.dll
0x27050000 - 0x270c3000 	C:\Program Files (x86)\Arduino\lib\listSerialsj.dll
0x759f0000 - 0x75e39000 	C:\WINDOWS\System32\SETUPAPI.dll
0x76730000 - 0x76749000 	C:\WINDOWS\System32\bcrypt.dll
0x66620000 - 0x6663d000 	C:\Program Files (x86)\Arduino\lib\jnidispatch-4.2.2-win32-x86.dll
0x76dd0000 - 0x76ec7000 	C:\WINDOWS\System32\Ole32.dll
0x66600000 - 0x66615000 	C:\Program Files (x86)\Arduino\java\bin\net.dll
0x741a0000 - 0x741f2000 	C:\WINDOWS\system32\mswsock.dll
0x665f0000 - 0x665ff000 	C:\Program Files (x86)\Arduino\java\bin\nio.dll
0x664a0000 - 0x665e7000 	C:\Program Files (x86)\Arduino\java\bin\awt.dll
0x73120000 - 0x731bf000 	C:\WINDOWS\SYSTEM32\apphelp.dll
0x7bb60000 - 0x7bb99000 	C:\Program Files (x86)\Arduino\java\bin\fontmanager.dll
0x7bba0000 - 0x7bbd2000 	C:\Program Files (x86)\Arduino\java\bin\t2k.dll
0x66490000 - 0x6649a000 	C:\Program Files (x86)\Arduino\java\bin\management.dll
0x6be70000 - 0x6be81000 	C:\WINDOWS\system32\napinsp.dll
0x6be50000 - 0x6be66000 	C:\WINDOWS\system32\pnrpnsp.dll
0x6f5d0000 - 0x6f663000 	C:\WINDOWS\SYSTEM32\DNSAPI.dll
0x75800000 - 0x75807000 	C:\WINDOWS\System32\NSI.dll
0x72c10000 - 0x72c42000 	C:\WINDOWS\SYSTEM32\IPHLPAPI.DLL
0x6be40000 - 0x6be4b000 	C:\WINDOWS\System32\winrnr.dll
0x6be20000 - 0x6be36000 	C:\WINDOWS\system32\NLAapi.dll
0x6be10000 - 0x6be20000 	C:\WINDOWS\system32\wshbth.dll
0x6f570000 - 0x6f5c1000 	C:\WINDOWS\System32\fwpuclnt.dll
0x6de40000 - 0x6de48000 	C:\Windows\System32\rasadhlp.dll
0x6f690000 - 0x6f6a3000 	C:\WINDOWS\SYSTEM32\dhcpcsvc6.DLL
0x6f670000 - 0x6f685000 	C:\WINDOWS\SYSTEM32\dhcpcsvc.DLL
0x74170000 - 0x7419f000 	C:\WINDOWS\system32\rsaenh.dll
0x70cc0000 - 0x70cde000 	C:\WINDOWS\SYSTEM32\USERENV.dll
0x70c50000 - 0x70c73000 	C:\WINDOWS\SYSTEM32\DEVOBJ.dll
0x75730000 - 0x75776000 	C:\WINDOWS\System32\WINTRUST.dll
0x751f0000 - 0x751fe000 	C:\WINDOWS\System32\MSASN1.dll
0x76630000 - 0x7672b000 	C:\WINDOWS\System32\CRYPT32.dll
0x66470000 - 0x66490000 	C:\Program Files (x86)\Arduino\java\bin\sunec.dll
0x655f0000 - 0x655f9000 	C:\Program Files (x86)\Arduino\java\bin\sunmscapi.dll
0x66400000 - 0x66469000 	C:\Program Files (x86)\Arduino\msvcp100.dll
0x66340000 - 0x663fe000 	C:\Program Files (x86)\Arduino\msvcr100.dll
0x29210000 - 0x29242000 	C:\Program Files (x86)\Arduino\lib\AStylej.dll
0x66310000 - 0x66334000 	C:\Program Files (x86)\Arduino\java\bin\dcpr.dll
0x75170000 - 0x751f0000 	C:\WINDOWS\System32\clbcatq.dll
0x667b0000 - 0x66919000 	C:\WINDOWS\SYSTEM32\WindowsCodecs.dll
0x6b5c0000 - 0x6b5f1000 	C:\WINDOWS\system32\dataexchange.dll
0x6b030000 - 0x6b20e000 	C:\WINDOWS\system32\d3d11.dll
0x6b210000 - 0x6b37a000 	C:\WINDOWS\system32\dcomp.dll
0x6af60000 - 0x6b021000 	C:\WINDOWS\system32\dxgi.dll
0x6ad70000 - 0x6af55000 	C:\WINDOWS\system32\twinapi.appcore.dll
0x6b5a0000 - 0x6b5bf000 	C:\WINDOWS\system32\RMCLIENT.dll
0x64000000 - 0x6401b000 	C:\Program Files (x86)\Arduino\lib\jSSC-2.8_x86.dll
0x74230000 - 0x743bf000 	C:\WINDOWS\SYSTEM32\dbghelp.dll

VM Arguments:
jvm_args: -Dsun.java2d.d3d=false -Djna.nosys=true -Djna.nounpack=true -Djna.boot.library.name=jnidispatch-4.2.2-win32-x86 -Djna.boot.library.path=C:\Program Files (x86)\Arduino/lib -Djssc.library.path=C:\Program Files (x86)\Arduino/lib -DAPP_DIR=C:\Program Files (x86)\Arduino -Xms128M -Xmx512M -Dfile.encoding=UTF8 -Djava.net.preferIPv4Stack=true 
java_command: processing.app.Base C:\Users\MikeD\Documents\Arduino\GetALife\nodes\Node_v10\Node_v10.ino
java_class_path (initial): C:\Program Files (x86)\Arduino\lib\apple.jar;C:\Program Files (x86)\Arduino\lib\arduino-core.jar;C:\Program Files (x86)\Arduino\lib\batik-1.8.jar;C:\Program Files (x86)\Arduino\lib\batik-anim-1.8.jar;C:\Program Files (x86)\Arduino\lib\batik-awt-util-1.8.jar;C:\Program Files (x86)\Arduino\lib\batik-bridge-1.8.jar;C:\Program Files (x86)\Arduino\lib\batik-codec-1.8.jar;C:\Program Files (x86)\Arduino\lib\batik-css-1.8.jar;C:\Program Files (x86)\Arduino\lib\batik-dom-1.8.jar;C:\Program Files (x86)\Arduino\lib\batik-ext-1.8.jar;C:\Program Files (x86)\Arduino\lib\batik-gvt-1.8.jar;C:\Program Files (x86)\Arduino\lib\batik-parser-1.8.jar;C:\Program Files (x86)\Arduino\lib\batik-rasterizer-1.8.jar;C:\Program Files (x86)\Arduino\lib\batik-script-1.8.jar;C:\Program Files (x86)\Arduino\lib\batik-squiggle-1.8.jar;C:\Program Files (x86)\Arduino\lib\batik-svg-dom-1.8.jar;C:\Program Files (x86)\Arduino\lib\batik-svgpp-1.8.jar;C:\Program Files (x86)\Arduino\lib\batik-transcoder-1.8.jar;C:\Program Files (x86)\Arduino\lib\batik-util-1.8.jar;C:\Program Files (x86)\Arduino\lib\batik-xml-1.8.jar;C:\Program Files (x86)\Arduino\lib\bcpg-jdk15on-152.jar;C:\Program Files (x86)\Arduino\lib\bcprov-jdk15on-152.jar;C:\Program Files (x86)\Arduino\lib\commons-codec-1.7.jar;C:\Program Files (x86)\Arduino\lib\commons-compress-1.8.jar;C:\Program Files (x86)\Arduino\lib\commons-exec-1.1.jar;C:\Program Files (x86)\Arduino\lib\commons-httpclient-3.1.jar;C:\Program Files (x86)\Arduino\lib\commons-lang3-3.8.1.jar;C:\Program Files (x86)\Arduino\lib\commons-logging-1.0.4.jar;C:\Program Files (x86)\Arduino\lib\commons-net-3.3.jar;C:\Program Files (x86)\Arduino\lib\commons-io-2.6.jar;C:\Program Files (x86)\Arduino\lib\jackson-annotations-2.9.5.jar;C:\Program Files (x86)\Arduino\lib\jackson-core-2.9.5.jar;C:\Program Files (x86)\Arduino\lib\jackson-databind-2.9.5.jar;C:\Program Files (x86)\Arduino\lib\jackson-module-mrbean-2.9.5.jar;C:\Program Files (x86)\Arduino\lib\java-semver-0.8.
Launcher Type: SUN_STANDARD

Environment Variables:
PATH=C:\Python27\;C:\Python27\Scripts;c:\Rtools\bin;c:\Rtools\mingw_32\bin;C:\Program Files\ImageMagick-7.0.2-Q16;C:\ProgramData\Oracle\Java\javapath;c:\Rtools\gcc-4.6.3\bin;C:\Program Files (x86)\Intel\iCLS Client\;C:\Program Files\Intel\iCLS Client\;C:\WINDOWS\system32;C:\WINDOWS;C:\WINDOWS\System32\Wbem;C:\WINDOWS\System32\WindowsPowerShell\v1.0\;C:\Program Files (x86)\Intel\Intel(R) Management Engine Components\DAL;C:\Program Files\Intel\Intel(R) Management Engine Components\DAL;C:\Program Files (x86)\Intel\Intel(R) Management Engine Components\IPT;C:\Program Files\Intel\Intel(R) Management Engine Components\IPT;C:\Program Files (x86)\Common Files\lenovo\easyplussdk\bin;C:\Dwimperl\perl\bin;C:\Dwimperl\perl\site\bin;C:\Dwimperl\c\bin;C:\Program Files (x86)\GitExtensions\;C:\Program Files (x86)\Skype\Phone\;C:\Program Files (x86)\MiKTeX 2.9\miktex\bin\;C:\Strawberry\c\bin;C:\Strawberry\perl\site\bin;C:\Strawberry\perl\bin;C:\WINDOWS\system32;C:\WINDOWS;C:\WINDOWS\System32\Wbem;C:\WINDOWS\System32\WindowsPowerShell\v1.0\;C:\WINDOWS\System32\OpenSSH\;C:\Android;C:\Windows\System32;C:\Program Files\Intel\WiFi\bin\;C:\Program Files\Common Files\Intel\WirelessCommon\;C:\Users\MikeD\AppData\Local\Pandoc\;C:\Users\MikeD\AppData\Local\Microsoft\WindowsApps;;C:\Program Files (x86)\Arduino\java\bin
USERNAME=l_mdodds
OS=Windows_NT
PROCESSOR_IDENTIFIER=Intel64 Family 6 Model 61 Stepping 4, GenuineIntel



---------------  S Y S T E M  ---------------

OS: Windows 10.0 , 64 bit Build 18362 (10.0.18362.778)

CPU:total 4 (initial active 4) (2 cores per cpu, 2 threads per core) family 6 model 61 stepping 4, cmov, cx8, fxsr, mmx, sse, sse2, sse3, ssse3, sse4.1, sse4.2, popcnt, avx, avx2, aes, clmul, erms, rtm, 3dnowpref, lzcnt, ht, tsc, tscinvbit, bmi1, bmi2, adx

Memory: 4k page, physical 8265004k(2668200k free), swap 17177900k(9518388k free)

vm_info: Java HotSpot(TM) Client VM (25.191-b12) for windows-x86 JRE (1.8.0_191-b12), built on Oct  6 2018 08:34:23 by "java_re" with MS VC++ 10.0 (VS2010)

time: Fri May 29 03:22:37 2020
elapsed time: 34267 seconds (0d 9h 31m 7s)

