#
# A fatal error has been detected by the Java Runtime Environment:
#
#  EXCEPTION_ACCESS_VIOLATION (0xc0000005) at pc=0x786a78ae, pid=30932, tid=0x00003bc8
#
# JRE version: Java(TM) SE Runtime Environment (8.0_191-b12) (build 1.8.0_191-b12)
# Java VM: Java HotSpot(TM) Client VM (25.191-b12 mixed mode windows-x86 )
# Problematic frame:
# V  [jvm.dll+0xe78ae]
#
# Failed to write core dump. Minidumps are not enabled by default on client versions of Windows
#
# If you would like to submit a bug report, please visit:
#   http://bugreport.java.com/bugreport/crash.jsp
#

---------------  T H R E A D  ---------------

Current thread (0x2960a400):  JavaThread "EventThread COM5" [_thread_in_vm, id=15304, stack(0x02e90000,0x02ee0000)]

siginfo: ExceptionCode=0xc0000005, reading address 0x00000000

Registers:
EAX=0x00000000, EBX=0x2960a540, ECX=0x2960a400, EDX=0x0000009f
ESP=0x02edeefc, EBP=0x02edef18, ESI=0x00000000, EDI=0x2960a400
EIP=0x786a78ae, EFLAGS=0x00010246

Top of Stack: (sp=0x02edeefc)
0x02edeefc:   2955efa4 00000001 2960a540 2960a400
0x02edef0c:   295a4604 0000009f 788a5568 00000000
0x02edef1c:   64001da9 2960a540 00000000 00000000
0x02edef2c:   00000002 02edef84 00000000 02edef30
0x02edef3c:   28e3024b 00000000 2a7ae930 000003c7
0x02edef4c:   00000001 00000000 00000000 00000000
0x02edef5c:   2955efa0 00000000 00000000 00000000
0x02edef6c:   00000000 2abeb3f6 02edef9c 00000001 

Instructions: (pc=0x786a78ae)
0x786a788e:   c4 08 83 7f 04 00 89 7d f0 c7 45 f4 00 00 00 00
0x786a789e:   74 08 8d 4d f0 e8 b8 31 0c 00 8b 75 10 8b 45 0c
0x786a78ae:   8b 10 85 f6 78 32 8b 45 14 85 c0 78 2b 8d 0c 06
0x786a78be:   3b 4a 08 77 23 85 c0 7e 3b 8b 4a 04 8b 49 04 83 


Register to memory mapping:

EAX=0x00000000 is an unknown value
EBX=0x2960a540 is an unknown value
ECX=0x2960a400 is a thread
EDX=0x0000009f is an unknown value
ESP=0x02edeefc is pointing into the stack for thread: 0x2960a400
EBP=0x02edef18 is pointing into the stack for thread: 0x2960a400
ESI=0x00000000 is an unknown value
EDI=0x2960a400 is a thread


Stack: [0x02e90000,0x02ee0000],  sp=0x02edeefc,  free space=315k
Native frames: (J=compiled Java code, j=interpreted, Vv=VM code, C=native code)
V  [jvm.dll+0xe78ae]
C  [jSSC-2.8_x86.dll+0x1da9]

Java frames: (J=compiled Java code, j=interpreted, Vv=VM code)
J 4206  jssc.SerialNativeInterface.waitEvents(J)[[I (0 bytes) @ 0x0341ef1d [0x0341eed0+0x4d]
J 12651 C1 jssc.SerialPort$EventThread.run()V (84 bytes) @ 0x0362551c [0x036254c0+0x5c]
v  ~StubRoutines::call_stub

---------------  P R O C E S S  ---------------

Java Threads: ( => current thread )
=>0x2960a400 JavaThread "EventThread COM5" [_thread_in_vm, id=15304, stack(0x02e90000,0x02ee0000)]
  0x29609000 JavaThread "DestroyJavaVM" [_thread_blocked, id=27276, stack(0x03170000,0x031c0000)]
  0x27c5bc00 JavaThread "TimerQueue" daemon [_thread_blocked, id=10464, stack(0x2dd90000,0x2dde0000)]
  0x27c5d800 JavaThread "AWT-EventQueue-0" [_thread_blocked, id=29872, stack(0x2a4d0000,0x2a520000)]
  0x27c5c400 JavaThread "AWT-Shutdown" [_thread_blocked, id=29048, stack(0x2a440000,0x2a490000)]
  0x27c5dc00 JavaThread "Batik CleanerThread" daemon [_thread_blocked, id=16988, stack(0x28ee0000,0x28f30000)]
  0x27b95400 JavaThread "JmDNS(134DD-0WN7Y4-Certara-com.local.).Timer" daemon [_thread_blocked, id=8256, stack(0x28c30000,0x28c80000)]
  0x27b96400 JavaThread "SocketListener(134DD-0WN7Y4-Certara-com.local.)" daemon [_thread_in_native, id=26836, stack(0x28ba0000,0x28bf0000)]
  0x27a77c00 JavaThread "Multihomed mDNS.Timer" daemon [_thread_blocked, id=26292, stack(0x27490000,0x274e0000)]
  0x27a78c00 JavaThread "cc.arduino.packages.discoverers.serial.SerialDiscovery" [_thread_blocked, id=18808, stack(0x28660000,0x286b0000)]
  0x27030400 JavaThread "AWT-Windows" daemon [_thread_in_native, id=29928, stack(0x27520000,0x27570000)]
  0x2702ec00 JavaThread "Java2D Disposer" daemon [_thread_blocked, id=17264, stack(0x27400000,0x27450000)]
  0x25b98400 JavaThread "Service Thread" daemon [_thread_blocked, id=18616, stack(0x26ca0000,0x26cf0000)]
  0x25b9d400 JavaThread "C1 CompilerThread0" daemon [_thread_blocked, id=17720, stack(0x26c10000,0x26c60000)]
  0x25b9b400 JavaThread "Attach Listener" daemon [_thread_blocked, id=29080, stack(0x26b80000,0x26bd0000)]
  0x25b99000 JavaThread "Signal Dispatcher" daemon [_thread_blocked, id=32444, stack(0x26af0000,0x26b40000)]
  0x25b7d400 JavaThread "Finalizer" daemon [_thread_blocked, id=29860, stack(0x25da0000,0x25df0000)]
  0x25b77800 JavaThread "Reference Handler" daemon [_thread_blocked, id=13444, stack(0x25a60000,0x25ab0000)]

Other Threads:
  0x25b61c00 VMThread [stack: 0x032c0000,0x03310000] [id=17348]
  0x25bbf000 WatcherThread [stack: 0x26d30000,0x26d80000] [id=13132]

VM state:synchronizing (normal execution)

VM Mutex/Monitor currently owned by a thread:  ([mutex/lock_event])
[0x02f4dfa0] Threads_lock - owner thread: 0x25b61c00
[0x02f4de68] Heap_lock - owner thread: 0x27c5bc00

Heap:
 def new generation   total 157248K, used 157247K [0x05400000, 0x0fea0000, 0x0fea0000)
  eden space 139776K,  99% used [0x05400000, 0x0dc7fff8, 0x0dc80000)
  from space 17472K, 100% used [0x0ed90000, 0x0fea0000, 0x0fea0000)
  to   space 17472K,   0% used [0x0dc80000, 0x0dc80000, 0x0ed90000)
 tenured generation   total 349568K, used 349567K [0x0fea0000, 0x25400000, 0x25400000)
   the space 349568K,  99% used [0x0fea0000, 0x253ffff8, 0x25400000, 0x25400000)
 Metaspace       used 25915K, capacity 26473K, committed 26624K, reserved 27008K

Card table byte_map: [0x25400000,0x25510000] byte_map_base: 0x253d6000

Polling page: 0x02f20000

CodeCache: size=32768Kb used=1872Kb max_used=5271Kb free=30895Kb
 bounds [0x03320000, 0x03848000, 0x05320000]
 total_blobs=1119 nmethods=816 adapters=230
 compilation: enabled

Compilation events (10 events):
Event: 53689.343 Thread 0x25b9d400 68234  s          java.util.Vector::size (5 bytes)
Event: 53689.343 Thread 0x25b9d400 nmethod 68234 0x03651948 code [0x03651a40, 0x03651c00]
Event: 53689.345 Thread 0x25b9d400 68235             sun.util.locale.LocaleUtils::caseIgnoreMatch (73 bytes)
Event: 53689.810 Thread 0x25b9d400 nmethod 68235 0x0368bdc8 code [0x0368bf00, 0x0368c1a8]
Event: 53691.204 Thread 0x25b9d400 68236             javax.swing.text.AbstractDocument::getAttributeContext (5 bytes)
Event: 53691.205 Thread 0x25b9d400 nmethod 68236 0x03415b88 code [0x03415c80, 0x03415d00]
Event: 53693.514 Thread 0x25b9d400 68237             sun.font.StandardGlyphVector::getGlyphCharIndices (177 bytes)
Event: 53693.515 Thread 0x25b9d400 nmethod 68237 0x036e1e08 code [0x036e1f90, 0x036e2424]
Event: 53707.600 Thread 0x25b9d400 68238             java.util.concurrent.ConcurrentHashMap$Traverser::advance (188 bytes)
Event: 53708.517 Thread 0x25b9d400 nmethod 68238 0x033dc608 code [0x033dc750, 0x033dcaf8]

GC Heap History (10 events):
Event: 53720.505 GC heap before
{Heap before GC invocations=3098 (full 2238):
 def new generation   total 157248K, used 157247K [0x05400000, 0x0fea0000, 0x0fea0000)
  eden space 139776K,  99% used [0x05400000, 0x0dc7fff8, 0x0dc80000)
  from space 17472K,  99% used [0x0ed90000, 0x0fe9fff8, 0x0fea0000)
  to   space 17472K,   0% used [0x0dc80000, 0x0dc80000, 0x0ed90000)
 tenured generation   total 349568K, used 349567K [0x0fea0000, 0x25400000, 0x25400000)
   the space 349568K,  99% used [0x0fea0000, 0x253ffff8, 0x25400000, 0x25400000)
 Metaspace       used 25915K, capacity 26473K, committed 26624K, reserved 27008K
Event: 53720.967 GC heap after
Heap after GC invocations=3099 (full 2239):
 def new generation   total 157248K, used 157247K [0x05400000, 0x0fea0000, 0x0fea0000)
  eden space 139776K,  99% used [0x05400000, 0x0dc7fff8, 0x0dc80000)
  from space 17472K,  99% used [0x0ed90000, 0x0fe9fff8, 0x0fea0000)
  to   space 17472K,   0% used [0x0dc80000, 0x0dc80000, 0x0ed90000)
 tenured generation   total 349568K, used 349567K [0x0fea0000, 0x25400000, 0x25400000)
   the space 349568K,  99% used [0x0fea0000, 0x253ffff8, 0x25400000, 0x25400000)
 Metaspace       used 25915K, capacity 26473K, committed 26624K, reserved 27008K
}
Event: 53720.967 GC heap before
{Heap before GC invocations=3099 (full 2239):
 def new generation   total 157248K, used 157247K [0x05400000, 0x0fea0000, 0x0fea0000)
  eden space 139776K,  99% used [0x05400000, 0x0dc7fff8, 0x0dc80000)
  from space 17472K,  99% used [0x0ed90000, 0x0fe9fff8, 0x0fea0000)
  to   space 17472K,   0% used [0x0dc80000, 0x0dc80000, 0x0ed90000)
 tenured generation   total 349568K, used 349567K [0x0fea0000, 0x25400000, 0x25400000)
   the space 349568K,  99% used [0x0fea0000, 0x253ffff8, 0x25400000, 0x25400000)
 Metaspace       used 25915K, capacity 26473K, committed 26624K, reserved 27008K
Event: 53721.437 GC heap after
Heap after GC invocations=3100 (full 2240):
 def new generation   total 157248K, used 157247K [0x05400000, 0x0fea0000, 0x0fea0000)
  eden space 139776K,  99% used [0x05400000, 0x0dc7fff8, 0x0dc80000)
  from space 17472K,  99% used [0x0ed90000, 0x0fe9fff8, 0x0fea0000)
  to   space 17472K,   0% used [0x0dc80000, 0x0dc80000, 0x0ed90000)
 tenured generation   total 349568K, used 349567K [0x0fea0000, 0x25400000, 0x25400000)
   the space 349568K,  99% used [0x0fea0000, 0x253ffff8, 0x25400000, 0x25400000)
 Metaspace       used 25915K, capacity 26473K, committed 26624K, reserved 27008K
}
Event: 53721.437 GC heap before
{Heap before GC invocations=3100 (full 2240):
 def new generation   total 157248K, used 157247K [0x05400000, 0x0fea0000, 0x0fea0000)
  eden space 139776K,  99% used [0x05400000, 0x0dc7fff8, 0x0dc80000)
  from space 17472K,  99% used [0x0ed90000, 0x0fe9fff8, 0x0fea0000)
  to   space 17472K,   0% used [0x0dc80000, 0x0dc80000, 0x0ed90000)
 tenured generation   total 349568K, used 349567K [0x0fea0000, 0x25400000, 0x25400000)
   the space 349568K,  99% used [0x0fea0000, 0x253ffff8, 0x25400000, 0x25400000)
 Metaspace       used 25915K, capacity 26473K, committed 26624K, reserved 27008K
Event: 53721.893 GC heap after
Heap after GC invocations=3101 (full 2241):
 def new generation   total 157248K, used 157247K [0x05400000, 0x0fea0000, 0x0fea0000)
  eden space 139776K,  99% used [0x05400000, 0x0dc7fff8, 0x0dc80000)
  from space 17472K,  99% used [0x0ed90000, 0x0fe9ffe0, 0x0fea0000)
  to   space 17472K,   0% used [0x0dc80000, 0x0dc80000, 0x0ed90000)
 tenured generation   total 349568K, used 349567K [0x0fea0000, 0x25400000, 0x25400000)
   the space 349568K,  99% used [0x0fea0000, 0x253ffff8, 0x25400000, 0x25400000)
 Metaspace       used 25915K, capacity 26473K, committed 26624K, reserved 27008K
}
Event: 53721.893 GC heap before
{Heap before GC invocations=3101 (full 2241):
 def new generation   total 157248K, used 157247K [0x05400000, 0x0fea0000, 0x0fea0000)
  eden space 139776K,  99% used [0x05400000, 0x0dc7fff8, 0x0dc80000)
  from space 17472K, 100% used [0x0ed90000, 0x0fea0000, 0x0fea0000)
  to   space 17472K,   0% used [0x0dc80000, 0x0dc80000, 0x0ed90000)
 tenured generation   total 349568K, used 349567K [0x0fea0000, 0x25400000, 0x25400000)
   the space 349568K,  99% used [0x0fea0000, 0x253ffff8, 0x25400000, 0x25400000)
 Metaspace       used 25915K, capacity 26473K, committed 26624K, reserved 27008K
Event: 53722.352 GC heap after
Heap after GC invocations=3102 (full 2242):
 def new generation   total 157248K, used 157247K [0x05400000, 0x0fea0000, 0x0fea0000)
  eden space 139776K,  99% used [0x05400000, 0x0dc7fff8, 0x0dc80000)
  from space 17472K, 100% used [0x0ed90000, 0x0fea0000, 0x0fea0000)
  to   space 17472K,   0% used [0x0dc80000, 0x0dc80000, 0x0ed90000)
 tenured generation   total 349568K, used 349567K [0x0fea0000, 0x25400000, 0x25400000)
   the space 349568K,  99% used [0x0fea0000, 0x253ffff8, 0x25400000, 0x25400000)
 Metaspace       used 25915K, capacity 26473K, committed 26624K, reserved 27008K
}
Event: 53722.352 GC heap before
{Heap before GC invocations=3102 (full 2242):
 def new generation   total 157248K, used 157247K [0x05400000, 0x0fea0000, 0x0fea0000)
  eden space 139776K,  99% used [0x05400000, 0x0dc7fff8, 0x0dc80000)
  from space 17472K, 100% used [0x0ed90000, 0x0fea0000, 0x0fea0000)
  to   space 17472K,   0% used [0x0dc80000, 0x0dc80000, 0x0ed90000)
 tenured generation   total 349568K, used 349567K [0x0fea0000, 0x25400000, 0x25400000)
   the space 349568K,  99% used [0x0fea0000, 0x253ffff8, 0x25400000, 0x25400000)
 Metaspace       used 25915K, capacity 26473K, committed 26624K, reserved 27008K
Event: 53722.816 GC heap after
Heap after GC invocations=3103 (full 2243):
 def new generation   total 157248K, used 157247K [0x05400000, 0x0fea0000, 0x0fea0000)
  eden space 139776K,  99% used [0x05400000, 0x0dc7fff8, 0x0dc80000)
  from space 17472K, 100% used [0x0ed90000, 0x0fea0000, 0x0fea0000)
  to   space 17472K,   0% used [0x0dc80000, 0x0dc80000, 0x0ed90000)
 tenured generation   total 349568K, used 349567K [0x0fea0000, 0x25400000, 0x25400000)
   the space 349568K,  99% used [0x0fea0000, 0x253ffff8, 0x25400000, 0x25400000)
 Metaspace       used 25915K, capacity 26473K, committed 26624K, reserved 27008K
}

Deoptimization events (0 events):
No events

Classes redefined (0 events):
No events

Internal exceptions (10 events):
Event: 53707.600 Thread 0x27c5d800 Exception <a 'java/lang/OutOfMemoryError'> (0x0fef8c98) thrown at [C:\workspace\8-2-build-windows-i586-cygwin\jdk8u191\11896\hotspot\src\share\vm\gc_interface/collectedHeap.inline.hpp, line 159]
Event: 53707.600 Thread 0x27c5d800 Exception <a 'java/lang/OutOfMemoryError'> (0x0fef8c98) thrown at [C:\workspace\8-2-build-windows-i586-cygwin\jdk8u191\11896\hotspot\src\share\vm\prims\jvm.cpp, line 1439]
Event: 53707.600 Thread 0x27c5d800 Exception <a 'java/lang/OutOfMemoryError'> (0x0fef8c98) thrown at [C:\workspace\8-2-build-windows-i586-cygwin\jdk8u191\11896\hotspot\src\share\vm\prims\jvm.cpp, line 1439]
Event: 53707.600 Thread 0x27c5d800 Exception <a 'java/io/IOException'> (0x0fe9f818) thrown at [C:\workspace\8-2-build-windows-i586-cygwin\jdk8u191\11896\hotspot\src\share\vm\prims\jni.cpp, line 709]
Event: 53708.059 Thread 0x27c5d800 Exception <a 'java/io/IOException'> (0x0fe9ee78) thrown at [C:\workspace\8-2-build-windows-i586-cygwin\jdk8u191\11896\hotspot\src\share\vm\prims\jni.cpp, line 709]
Event: 53708.059 Thread 0x27c5d800 Exception <a 'java/io/IOException'> (0x0fe9f780) thrown at [C:\workspace\8-2-build-windows-i586-cygwin\jdk8u191\11896\hotspot\src\share\vm\prims\jni.cpp, line 709]
Event: 53708.060 Thread 0x27c5d800 Exception <a 'java/io/IOException'> (0x0fe9f9c8) thrown at [C:\workspace\8-2-build-windows-i586-cygwin\jdk8u191\11896\hotspot\src\share\vm\prims\jni.cpp, line 709]
Event: 53720.505 Thread 0x27a78c00 Exception <a 'java/lang/OutOfMemoryError'> (0x0fef8c98) thrown at [C:\workspace\8-2-build-windows-i586-cygwin\jdk8u191\11896\hotspot\src\share\vm\gc_interface/collectedHeap.inline.hpp, line 159]
Event: 53721.437 Thread 0x27c5bc00 Exception <a 'java/lang/OutOfMemoryError'> (0x0fef8c98) thrown at [C:\workspace\8-2-build-windows-i586-cygwin\jdk8u191\11896\hotspot\src\share\vm\gc_interface/collectedHeap.inline.hpp, line 159]
Event: 53722.816 Thread 0x2960a400 Exception <a 'java/lang/OutOfMemoryError'> (0x0fef8c98) thrown at [C:\workspace\8-2-build-windows-i586-cygwin\jdk8u191\11896\hotspot\src\share\vm\gc_interface/collectedHeap.inline.hpp, line 159]

Events (10 events):
Event: 53719.589 Executing VM operation: GenCollectForAllocation done
Event: 53719.589 Executing VM operation: GenCollectForAllocation
Event: 53720.505 Executing VM operation: GenCollectForAllocation done
Event: 53720.505 Executing VM operation: GenCollectForAllocation
Event: 53721.437 Executing VM operation: GenCollectForAllocation done
Event: 53721.437 Executing VM operation: GenCollectForAllocation
Event: 53721.893 Executing VM operation: GenCollectForAllocation done
Event: 53721.893 Executing VM operation: GenCollectForAllocation
Event: 53722.816 Executing VM operation: GenCollectForAllocation done
Event: 53722.816 Executing VM operation: GenCollectForAllocation


Dynamic libraries:
0x00e10000 - 0x00e43000 	C:\Program Files (x86)\Arduino\java\bin\javaw.exe
0x76f30000 - 0x770d3000 	C:\WINDOWS\SYSTEM32\ntdll.dll
0x76c40000 - 0x76d30000 	C:\WINDOWS\System32\KERNEL32.DLL
0x76180000 - 0x76394000 	C:\WINDOWS\System32\KERNELBASE.dll
0x76e40000 - 0x76eba000 	C:\WINDOWS\System32\ADVAPI32.dll
0x76400000 - 0x764bf000 	C:\WINDOWS\System32\msvcrt.dll
0x75c20000 - 0x75c96000 	C:\WINDOWS\System32\sechost.dll
0x75d90000 - 0x75e50000 	C:\WINDOWS\System32\RPCRT4.dll
0x764d0000 - 0x76666000 	C:\WINDOWS\System32\USER32.dll
0x759f0000 - 0x75a08000 	C:\WINDOWS\System32\win32u.dll
0x75990000 - 0x759b3000 	C:\WINDOWS\System32\GDI32.dll
0x76000000 - 0x760db000 	C:\WINDOWS\System32\gdi32full.dll
0x76a00000 - 0x76a7b000 	C:\WINDOWS\System32\msvcp_win.dll
0x75a70000 - 0x75b90000 	C:\WINDOWS\System32\ucrtbase.dll
0x6b950000 - 0x6bb62000 	C:\WINDOWS\WinSxS\x86_microsoft.windows.common-controls_6595b64144ccf1df_6.0.19041.488_none_11b1e5df2ffd8627\COMCTL32.dll
0x759c0000 - 0x759e5000 	C:\WINDOWS\System32\IMM32.DLL
0x7c4c0000 - 0x7c57f000 	C:\Program Files (x86)\Arduino\java\bin\msvcr100.dll
0x785c0000 - 0x78993000 	C:\Program Files (x86)\Arduino\java\bin\client\jvm.dll
0x75980000 - 0x75986000 	C:\WINDOWS\System32\PSAPI.DLL
0x73a00000 - 0x73a08000 	C:\WINDOWS\SYSTEM32\VERSION.dll
0x73810000 - 0x73838000 	C:\WINDOWS\SYSTEM32\WINMM.dll
0x778c0000 - 0x778c8000 	C:\WINDOWS\SYSTEM32\WSOCK32.dll
0x754b0000 - 0x75513000 	C:\WINDOWS\System32\WS2_32.dll
0x7b230000 - 0x7b260000 	C:\Program Files (x86)\Arduino\java\bin\splashscreen.dll
0x73860000 - 0x738d4000 	C:\WINDOWS\system32\uxtheme.dll
0x76770000 - 0x769f1000 	C:\WINDOWS\System32\combase.dll
0x7b220000 - 0x7b22c000 	C:\Program Files (x86)\Arduino\java\bin\verify.dll
0x78c40000 - 0x78c62000 	C:\Program Files (x86)\Arduino\java\bin\java.dll
0x75e50000 - 0x75f24000 	C:\WINDOWS\System32\MSCTF.dll
0x75cf0000 - 0x75d86000 	C:\WINDOWS\System32\OLEAUT32.dll
0x7b200000 - 0x7b214000 	C:\Program Files (x86)\Arduino\java\bin\zip.dll
0x73dc0000 - 0x73dcf000 	C:\WINDOWS\SYSTEM32\kernel.appcore.dll
0x75a10000 - 0x75a6d000 	C:\WINDOWS\System32\bcryptPrimitives.dll
0x61450000 - 0x6150a000 	C:\WINDOWS\SYSTEM32\textinputframework.dll
0x61130000 - 0x613ae000 	C:\WINDOWS\System32\CoreUIComponents.dll
0x613b0000 - 0x6144b000 	C:\WINDOWS\System32\CoreMessaging.dll
0x75b90000 - 0x75c18000 	C:\WINDOWS\System32\SHCORE.dll
0x72f60000 - 0x72f89000 	C:\WINDOWS\SYSTEM32\ntmarta.dll
0x61050000 - 0x6112e000 	C:\WINDOWS\SYSTEM32\wintypes.dll
0x74df0000 - 0x753a3000 	C:\WINDOWS\System32\SHELL32.dll
0x72fc0000 - 0x735ca000 	C:\WINDOWS\SYSTEM32\windows.storage.dll
0x72f90000 - 0x72fb4000 	C:\WINDOWS\SYSTEM32\Wldp.dll
0x75ca0000 - 0x75ce5000 	C:\WINDOWS\System32\shlwapi.dll
0x72e90000 - 0x72ead000 	C:\WINDOWS\SYSTEM32\profapi.dll
0x73640000 - 0x73693000 	C:\WINDOWS\system32\Oleacc.dll
0x61940000 - 0x619b3000 	C:\Program Files (x86)\Arduino\lib\listSerialsj.dll
0x75540000 - 0x75974000 	C:\WINDOWS\System32\SETUPAPI.dll
0x76140000 - 0x7617b000 	C:\WINDOWS\System32\cfgmgr32.dll
0x75fe0000 - 0x75ff9000 	C:\WINDOWS\System32\bcrypt.dll
0x78c70000 - 0x78c8d000 	C:\Program Files (x86)\Arduino\lib\jnidispatch-4.2.2-win32-x86.dll
0x753c0000 - 0x754a3000 	C:\WINDOWS\System32\Ole32.dll
0x7c410000 - 0x7c425000 	C:\Program Files (x86)\Arduino\java\bin\net.dll
0x74170000 - 0x741c2000 	C:\WINDOWS\system32\mswsock.dll
0x7c400000 - 0x7c40f000 	C:\Program Files (x86)\Arduino\java\bin\nio.dll
0x789a0000 - 0x78ae7000 	C:\Program Files (x86)\Arduino\java\bin\awt.dll
0x738f0000 - 0x7398f000 	C:\WINDOWS\SYSTEM32\apphelp.dll
0x69420000 - 0x69446000 	C:\WINDOWS\system32\DWMAPI.DLL
0x7c580000 - 0x7c5b9000 	C:\Program Files (x86)\Arduino\java\bin\fontmanager.dll
0x78b30000 - 0x78c33000 	C:\WINDOWS\system32\opengl32.dll
0x7c430000 - 0x7c46f000 	C:\WINDOWS\SYSTEM32\GLU32.dll
0x78af0000 - 0x78b22000 	C:\Program Files (x86)\Arduino\java\bin\t2k.dll
0x78ca0000 - 0x78caa000 	C:\Program Files (x86)\Arduino\java\bin\management.dll
0x72500000 - 0x72511000 	C:\WINDOWS\system32\napinsp.dll
0x724e0000 - 0x724f6000 	C:\WINDOWS\system32\pnrpnsp.dll
0x724d0000 - 0x724e0000 	C:\WINDOWS\system32\wshbth.dll
0x724b0000 - 0x724c6000 	C:\WINDOWS\system32\NLAapi.dll
0x74200000 - 0x74232000 	C:\WINDOWS\SYSTEM32\IPHLPAPI.DLL
0x72610000 - 0x726a2000 	C:\WINDOWS\SYSTEM32\DNSAPI.dll
0x764c0000 - 0x764c7000 	C:\WINDOWS\System32\NSI.dll
0x724a0000 - 0x724ae000 	C:\WINDOWS\System32\winrnr.dll
0x74030000 - 0x74088000 	C:\WINDOWS\System32\fwpuclnt.dll
0x72290000 - 0x72298000 	C:\Windows\System32\rasadhlp.dll
0x726d0000 - 0x726e4000 	C:\WINDOWS\SYSTEM32\dhcpcsvc6.DLL
0x726b0000 - 0x726c6000 	C:\WINDOWS\SYSTEM32\dhcpcsvc.DLL
0x739e0000 - 0x739f3000 	C:\WINDOWS\SYSTEM32\CRYPTSP.dll
0x739b0000 - 0x739df000 	C:\WINDOWS\system32\rsaenh.dll
0x741d0000 - 0x741f5000 	C:\WINDOWS\SYSTEM32\USERENV.dll
0x739a0000 - 0x739aa000 	C:\WINDOWS\SYSTEM32\CRYPTBASE.dll
0x72f30000 - 0x72f54000 	C:\WINDOWS\SYSTEM32\DEVOBJ.dll
0x76a80000 - 0x76ac7000 	C:\WINDOWS\System32\WINTRUST.dll
0x76670000 - 0x7676f000 	C:\WINDOWS\System32\CRYPT32.dll
0x73990000 - 0x7399e000 	C:\WINDOWS\SYSTEM32\MSASN1.dll
0x7c2b0000 - 0x7c2d0000 	C:\Program Files (x86)\Arduino\java\bin\sunec.dll
0x7c2d0000 - 0x7c2d9000 	C:\Program Files (x86)\Arduino\java\bin\sunmscapi.dll
0x78cb0000 - 0x78d19000 	C:\Program Files (x86)\Arduino\msvcp100.dll
0x78d20000 - 0x78dde000 	C:\Program Files (x86)\Arduino\msvcr100.dll
0x29060000 - 0x29092000 	C:\Program Files (x86)\Arduino\lib\AStylej.dll
0x7c2e0000 - 0x7c304000 	C:\Program Files (x86)\Arduino\java\bin\dcpr.dll
0x76dc0000 - 0x76e3e000 	C:\WINDOWS\System32\clbcatq.dll
0x60970000 - 0x60ae0000 	C:\WINDOWS\SYSTEM32\WindowsCodecs.dll
0x63c00000 - 0x63c32000 	C:\WINDOWS\system32\dataexchange.dll
0x638b0000 - 0x63a16000 	C:\WINDOWS\system32\dcomp.dll
0x63a20000 - 0x63c00000 	C:\WINDOWS\system32\d3d11.dll
0x637e0000 - 0x638a2000 	C:\WINDOWS\system32\dxgi.dll
0x63640000 - 0x637d1000 	C:\WINDOWS\system32\twinapi.appcore.dll
0x64000000 - 0x6401b000 	C:\Program Files (x86)\Arduino\lib\jSSC-2.8_x86.dll
0x60c30000 - 0x60cf3000 	C:\WINDOWS\SYSTEM32\PROPSYS.dll
0x72b00000 - 0x72ca9000 	C:\WINDOWS\SYSTEM32\urlmon.dll
0x728d0000 - 0x72afb000 	C:\WINDOWS\SYSTEM32\iertutil.dll
0x7c170000 - 0x7c187000 	C:\Windows\System32\Windows.Shell.ServiceHostBuilder.dll
0x564c0000 - 0x5685f000 	C:\Windows\System32\OneCoreUAPCommonProxyStub.dll
0x7b0e0000 - 0x7b173000 	C:\Windows\System32\Windows.StateRepositoryPS.dll
0x7b0c0000 - 0x7b0db000 	C:\WINDOWS\SYSTEM32\edputil.dll
0x719f0000 - 0x719fa000 	C:\WINDOWS\SYSTEM32\Secur32.dll
0x722a0000 - 0x722c8000 	C:\WINDOWS\SYSTEM32\SSPICLI.DLL
0x56860000 - 0x56894000 	C:\WINDOWS\SYSTEM32\MLANG.dll
0x74260000 - 0x746b8000 	C:\WINDOWS\SYSTEM32\WININET.dll
0x60220000 - 0x602a3000 	C:\WINDOWS\SYSTEM32\policymanager.dll
0x601b0000 - 0x60215000 	C:\WINDOWS\SYSTEM32\msvcp110_win.dll
0x7b180000 - 0x7b1f1000 	C:\Windows\System32\appresolver.dll
0x7ac60000 - 0x7aca8000 	C:\Windows\System32\Bcp47Langs.dll
0x53440000 - 0x5345f000 	C:\Windows\System32\SLC.dll
0x53420000 - 0x5343c000 	C:\Windows\System32\sppc.dll
0x2a520000 - 0x2a55d000 	C:\Windows\System32\OneCoreCommonProxyStub.dll
0x73e00000 - 0x73f88000 	C:\WINDOWS\SYSTEM32\dbghelp.dll

VM Arguments:
jvm_args: -Dsun.java2d.d3d=false -Djna.nosys=true -Djna.nounpack=true -Djna.boot.library.name=jnidispatch-4.2.2-win32-x86 -Djna.boot.library.path=C:\Program Files (x86)\Arduino/lib -Djssc.library.path=C:\Program Files (x86)\Arduino/lib -DAPP_DIR=C:\Program Files (x86)\Arduino -Xms128M -Xmx512M -Dfile.encoding=UTF8 -Djava.net.preferIPv4Stack=true 
java_command: processing.app.Base C:\Users\mdodds\OneDrive - Certara\Documents\Arduino\GetALife\nodes\Node_painlessMesh\Node_painlessMesh.ino
java_class_path (initial): C:\Program Files (x86)\Arduino\lib\apple.jar;C:\Program Files (x86)\Arduino\lib\arduino-core.jar;C:\Program Files (x86)\Arduino\lib\batik-1.8.jar;C:\Program Files (x86)\Arduino\lib\batik-anim-1.8.jar;C:\Program Files (x86)\Arduino\lib\batik-awt-util-1.8.jar;C:\Program Files (x86)\Arduino\lib\batik-bridge-1.8.jar;C:\Program Files (x86)\Arduino\lib\batik-codec-1.8.jar;C:\Program Files (x86)\Arduino\lib\batik-css-1.8.jar;C:\Program Files (x86)\Arduino\lib\batik-dom-1.8.jar;C:\Program Files (x86)\Arduino\lib\batik-ext-1.8.jar;C:\Program Files (x86)\Arduino\lib\batik-gvt-1.8.jar;C:\Program Files (x86)\Arduino\lib\batik-parser-1.8.jar;C:\Program Files (x86)\Arduino\lib\batik-rasterizer-1.8.jar;C:\Program Files (x86)\Arduino\lib\batik-script-1.8.jar;C:\Program Files (x86)\Arduino\lib\batik-squiggle-1.8.jar;C:\Program Files (x86)\Arduino\lib\batik-svg-dom-1.8.jar;C:\Program Files (x86)\Arduino\lib\batik-svgpp-1.8.jar;C:\Program Files (x86)\Arduino\lib\batik-transcoder-1.8.jar;C:\Program Files (x86)\Arduino\lib\batik-util-1.8.jar;C:\Program Files (x86)\Arduino\lib\batik-xml-1.8.jar;C:\Program Files (x86)\Arduino\lib\bcpg-jdk15on-152.jar;C:\Program Files (x86)\Arduino\lib\bcprov-jdk15on-152.jar;C:\Program Files (x86)\Arduino\lib\commons-codec-1.7.jar;C:\Program Files (x86)\Arduino\lib\commons-compress-1.8.jar;C:\Program Files (x86)\Arduino\lib\commons-exec-1.1.jar;C:\Program Files (x86)\Arduino\lib\commons-httpclient-3.1.jar;C:\Program Files (x86)\Arduino\lib\commons-lang3-3.8.1.jar;C:\Program Files (x86)\Arduino\lib\commons-logging-1.0.4.jar;C:\Program Files (x86)\Arduino\lib\commons-net-3.3.jar;C:\Program Files (x86)\Arduino\lib\commons-io-2.6.jar;C:\Program Files (x86)\Arduino\lib\jackson-annotations-2.9.5.jar;C:\Program Files (x86)\Arduino\lib\jackson-core-2.9.5.jar;C:\Program Files (x86)\Arduino\lib\jackson-databind-2.9.5.jar;C:\Program Files (x86)\Arduino\lib\java-semver-0.8.0.jar;C:\Program Files (x86)\Arduino\lib\jmdns-3.5.5.jar;C:\Program
Launcher Type: SUN_STANDARD

Environment Variables:
PATH=C:\Rtools\bin;C:\PROGRA~2\Rtools\bin;C:\PROGRA~2\Rtools\mingw_32\bin;C:\PROGRA~2\Certara\MPICH2~1.1\bin;C:\PROGRA~2\Certara\MPICH2~1.1\lib;C:\nm73g64\run;C:\nm74g64\run;C:\Strawberry\c\bin;C:\Strawberry\perl\site\bin;C:\Strawberry\perl\bin;C:\Program Files (x86)\Certara\Phoenix\application\lib\NLME\Executables\;C:\ProgramData\Oracle\Java\javapath;C:\Windows\System32;C:\Windows;C:\Windows\System32\wbem;C:\Windows\System32\WindowsPowerShell\v1.0\;C:\Program Files (x86)\WebEx\Productivity Tools;C:\Windows\System32\OpenSSH\;C:\Program Files\Intel\WiFi\bin\;C:\Program Files\Common Files\Intel\WirelessCommon\;C:\Program Files\Git\cmd;C:\Program Files (x86)\WebEx\Plugins;C:\Program Files (x86)\Webex\Plugins;C:\WINDOWS\system32;C:\WINDOWS;C:\WINDOWS\System32\Wbem;C:\WINDOWS\System32\WindowsPowerShell\v1.0\;C:\WINDOWS\System32\OpenSSH\;C:\Users\mdodds\AppData\Local\Microsoft\WindowsApps;C:\Users\mdodds\AppData\Local\Pandoc\;C:\Users\mdodds\AppData\Roaming\TinyTeX\bin\win32;;C:\Program Files (x86)\Arduino\java\bin
USERNAME=mdodds
OS=Windows_NT
PROCESSOR_IDENTIFIER=Intel64 Family 6 Model 142 Stepping 10, GenuineIntel



---------------  S Y S T E M  ---------------

OS: Windows 10.0 , 64 bit Build 19041 (10.0.19041.662)

CPU:total 8 (initial active 8) (4 cores per cpu, 2 threads per core) family 6 model 142 stepping 10, cmov, cx8, fxsr, mmx, sse, sse2, sse3, ssse3, sse4.1, sse4.2, popcnt, avx, avx2, aes, clmul, erms, rtm, 3dnowpref, lzcnt, ht, tsc, tscinvbit, bmi1, bmi2, adx

Memory: 4k page, physical 16607288k(3595172k free), swap 24995896k(4162072k free)

vm_info: Java HotSpot(TM) Client VM (25.191-b12) for windows-x86 JRE (1.8.0_191-b12), built on Oct  6 2018 08:34:23 by "java_re" with MS VC++ 10.0 (VS2010)

time: Wed Feb 17 11:20:26 2021
elapsed time: 53722 seconds (0d 14h 55m 22s)

